<?xml version="1.0" encoding="UTF-8"?>
<!-- Generated by org.testng.reporters.JUnitReportReporter -->
<testsuite skipped="0" hostname="DESKTOP-G2GAFGN" name="com.sup.qa.testcases.UserPageTest" tests="3" failures="0" timestamp="03 May 2022 06:41:03 GMT" time="76.964" errors="0">
  <testcase name="homePageCheck" time="20.929" classname="com.sup.qa.testcases.UserPageTest"/>
  <testcase name="cartLinkCheck" time="27.787" classname="com.sup.qa.testcases.UserPageTest"/>
  <testcase name="wishListLinkCheck" time="28.248" classname="com.sup.qa.testcases.UserPageTest"/>
</testsuite> <!-- com.sup.qa.testcases.UserPageTest -->
