<?xml version="1.0" encoding="UTF-8"?>
<!-- Generated by org.testng.reporters.JUnitReportReporter -->
<testsuite skipped="0" hostname="DESKTOP-G2GAFGN" name="com.sup.qa.testcases.Tc" tests="1" failures="0" timestamp="01 May 2022 14:28:32 GMT" time="0.028" errors="0">
  <testcase name="tc1" time="0.028" classname="com.sup.qa.testcases.Tc"/>
</testsuite> <!-- com.sup.qa.testcases.Tc -->
