<?xml version="1.0" encoding="UTF-8"?>
<!-- Generated by org.testng.reporters.JUnitReportReporter -->
<testsuite skipped="0" hostname="DESKTOP-G2GAFGN" name="com.sup.qa.testcases.LoginPageTest" tests="1" failures="0" timestamp="03 May 2022 06:41:03 GMT" time="20.292" errors="0">
  <testcase name="urlTest" time="20.292" classname="com.sup.qa.testcases.LoginPageTest"/>
</testsuite> <!-- com.sup.qa.testcases.LoginPageTest -->
